nohup: ignoring input
----------
Multivariate
----------
Data:  ArticularyWordRecognition
2019-12-21 21:21:44.289439: I tensorflow/stream_executor/platform/default/dso_loader.cc:44] Successfully opened dynamic library libcuda.so.1
2019-12-21 21:21:44.300902: I tensorflow/core/common_runtime/gpu/gpu_device.cc:1618] Found device 0 with properties: 
name: GeForce RTX 2080 Ti major: 7 minor: 5 memoryClockRate(GHz): 1.545
pciBusID: 0000:b1:00.0
2019-12-21 21:21:44.301232: I tensorflow/stream_executor/platform/default/dso_loader.cc:44] Successfully opened dynamic library libcudart.so.10.0
2019-12-21 21:21:44.303373: I tensorflow/stream_executor/platform/default/dso_loader.cc:44] Successfully opened dynamic library libcublas.so.10.0
2019-12-21 21:21:44.305140: I tensorflow/stream_executor/platform/default/dso_loader.cc:44] Successfully opened dynamic library libcufft.so.10.0
2019-12-21 21:21:44.305608: I tensorflow/stream_executor/platform/default/dso_loader.cc:44] Successfully opened dynamic library libcurand.so.10.0
2019-12-21 21:21:44.307827: I tensorflow/stream_executor/platform/default/dso_loader.cc:44] Successfully opened dynamic library libcusolver.so.10.0
2019-12-21 21:21:44.309565: I tensorflow/stream_executor/platform/default/dso_loader.cc:44] Successfully opened dynamic library libcusparse.so.10.0
2019-12-21 21:21:44.315118: I tensorflow/stream_executor/platform/default/dso_loader.cc:44] Successfully opened dynamic library libcudnn.so.7
2019-12-21 21:21:44.317396: I tensorflow/core/common_runtime/gpu/gpu_device.cc:1746] Adding visible gpu devices: 0
2019-12-21 21:21:44.317859: I tensorflow/core/platform/cpu_feature_guard.cc:142] Your CPU supports instructions that this TensorFlow binary was not compiled to use: AVX2 AVX512F FMA
2019-12-21 21:21:44.337187: I tensorflow/core/platform/profile_utils/cpu_utils.cc:94] CPU Frequency: 2100000000 Hz
2019-12-21 21:21:44.339533: I tensorflow/compiler/xla/service/service.cc:168] XLA service 0x562224aac420 executing computations on platform Host. Devices:
2019-12-21 21:21:44.339567: I tensorflow/compiler/xla/service/service.cc:175]   StreamExecutor device (0): Host, Default Version
2019-12-21 21:21:44.523898: I tensorflow/compiler/xla/service/service.cc:168] XLA service 0x5622243ceba0 executing computations on platform CUDA. Devices:
2019-12-21 21:21:44.523955: I tensorflow/compiler/xla/service/service.cc:175]   StreamExecutor device (0): GeForce RTX 2080 Ti, Compute Capability 7.5
2019-12-21 21:21:44.525287: I tensorflow/core/common_runtime/gpu/gpu_device.cc:1618] Found device 0 with properties: 
name: GeForce RTX 2080 Ti major: 7 minor: 5 memoryClockRate(GHz): 1.545
pciBusID: 0000:b1:00.0
2019-12-21 21:21:44.525366: I tensorflow/stream_executor/platform/default/dso_loader.cc:44] Successfully opened dynamic library libcudart.so.10.0
2019-12-21 21:21:44.525387: I tensorflow/stream_executor/platform/default/dso_loader.cc:44] Successfully opened dynamic library libcublas.so.10.0
2019-12-21 21:21:44.525419: I tensorflow/stream_executor/platform/default/dso_loader.cc:44] Successfully opened dynamic library libcufft.so.10.0
2019-12-21 21:21:44.525442: I tensorflow/stream_executor/platform/default/dso_loader.cc:44] Successfully opened dynamic library libcurand.so.10.0
2019-12-21 21:21:44.525464: I tensorflow/stream_executor/platform/default/dso_loader.cc:44] Successfully opened dynamic library libcusolver.so.10.0
2019-12-21 21:21:44.525486: I tensorflow/stream_executor/platform/default/dso_loader.cc:44] Successfully opened dynamic library libcusparse.so.10.0
2019-12-21 21:21:44.525509: I tensorflow/stream_executor/platform/default/dso_loader.cc:44] Successfully opened dynamic library libcudnn.so.7
2019-12-21 21:21:44.527636: I tensorflow/core/common_runtime/gpu/gpu_device.cc:1746] Adding visible gpu devices: 0
2019-12-21 21:21:44.527685: I tensorflow/stream_executor/platform/default/dso_loader.cc:44] Successfully opened dynamic library libcudart.so.10.0
2019-12-21 21:21:44.529751: I tensorflow/core/common_runtime/gpu/gpu_device.cc:1159] Device interconnect StreamExecutor with strength 1 edge matrix:
2019-12-21 21:21:44.529789: I tensorflow/core/common_runtime/gpu/gpu_device.cc:1165]      0 
2019-12-21 21:21:44.529802: I tensorflow/core/common_runtime/gpu/gpu_device.cc:1178] 0:   N 
2019-12-21 21:21:44.532058: I tensorflow/core/common_runtime/gpu/gpu_device.cc:1304] Created TensorFlow device (/job:localhost/replica:0/task:0/device:GPU:0 with 10312 MB memory) -> physical GPU (device: 0, name: GeForce RTX 2080 Ti, pci bus id: 0000:b1:00.0, compute capability: 7.5)
2019-12-21 21:22:49.635126: I tensorflow/stream_executor/platform/default/dso_loader.cc:44] Successfully opened dynamic library libcublas.so.10.0
2019-12-21 21:22:50.342277: I tensorflow/stream_executor/platform/default/dso_loader.cc:44] Successfully opened dynamic library libcudnn.so.7
SVM >> {'accuracy': 0.97, 'f1': 0.9699319141406098}
**********
InceptionTime: N/A
ResNet: N/A
ResNet: N/A
ResNet: N/A
HIVE-COTE: N/A
DTW: 0.987
**********
Data:  BasicMotions
SVM >> {'accuracy': 1.0, 'f1': 1.0}
**********
InceptionTime: N/A
ResNet: N/A
ResNet: N/A
ResNet: N/A
HIVE-COTE: N/A
DTW: 0.975
**********
Data:  AtrialFibrillation
SVM >> {'accuracy': 0.26666666666666666, 'f1': 0.261952861952862}
**********
InceptionTime: N/A
ResNet: N/A
ResNet: N/A
ResNet: N/A
HIVE-COTE: N/A
DTW: 0.2
**********
Data:  Cricket
SVM >> {'accuracy': 0.9444444444444444, 'f1': 0.9426379176379177}
**********
InceptionTime: N/A
ResNet: N/A
ResNet: N/A
ResNet: N/A
HIVE-COTE: N/A
DTW: 1.0
**********
Data:  ERing
SVM >> {'accuracy': 0.9148148148148149, 'f1': 0.9138463303845151}
**********
InceptionTime: N/A
ResNet: N/A
ResNet: N/A
ResNet: N/A
HIVE-COTE: N/A
DTW: 0.133
**********
Data:  HandMovementDirection
SVM >> {'accuracy': 0.5, 'f1': 0.48045795993464024}
**********
InceptionTime: N/A
ResNet: N/A
ResNet: N/A
ResNet: N/A
HIVE-COTE: N/A
DTW: 0.231
**********
Data:  Handwriting
SVM >> {'accuracy': 0.27294117647058824, 'f1': 0.25676846877724946}
**********
InceptionTime: N/A
ResNet: N/A
ResNet: N/A
ResNet: N/A
HIVE-COTE: N/A
DTW: 0.28600000000000003
**********
Data:  JapaneseVowels
SVM >> {'accuracy': 0.9324324324324325, 'f1': 0.9337327869264941}
**********
InceptionTime: N/A
ResNet: N/A
ResNet: N/A
ResNet: 0.9864864864864864
HIVE-COTE: N/A
DTW: 0.9490000000000001
**********
Data:  PenDigits
SVM >> {'accuracy': 0.9788450543167524, 'f1': 0.9787000505703798}
**********
InceptionTime: N/A
ResNet: N/A
ResNet: N/A
ResNet: N/A
HIVE-COTE: N/A
DTW: 0.977
**********
Data:  RacketSports
SVM >> {'accuracy': 0.7960526315789473, 'f1': 0.7950061557402277}
**********
InceptionTime: N/A
ResNet: N/A
ResNet: N/A
ResNet: N/A
HIVE-COTE: N/A
DTW: 0.8029999999999999
**********
Data:  SelfRegulationSCP1
