nohup: ignoring input
----------
Univariate
----------
Data:  UMD
2019-12-21 15:23:22.734291: I tensorflow/stream_executor/platform/default/dso_loader.cc:44] Successfully opened dynamic library libcuda.so.1
2019-12-21 15:23:22.746052: I tensorflow/core/common_runtime/gpu/gpu_device.cc:1618] Found device 0 with properties: 
name: GeForce RTX 2080 Ti major: 7 minor: 5 memoryClockRate(GHz): 1.545
pciBusID: 0000:b1:00.0
2019-12-21 15:23:22.746345: I tensorflow/stream_executor/platform/default/dso_loader.cc:44] Successfully opened dynamic library libcudart.so.10.0
2019-12-21 15:23:22.748452: I tensorflow/stream_executor/platform/default/dso_loader.cc:44] Successfully opened dynamic library libcublas.so.10.0
2019-12-21 15:23:22.750099: I tensorflow/stream_executor/platform/default/dso_loader.cc:44] Successfully opened dynamic library libcufft.so.10.0
2019-12-21 15:23:22.750537: I tensorflow/stream_executor/platform/default/dso_loader.cc:44] Successfully opened dynamic library libcurand.so.10.0
2019-12-21 15:23:22.753028: I tensorflow/stream_executor/platform/default/dso_loader.cc:44] Successfully opened dynamic library libcusolver.so.10.0
2019-12-21 15:23:22.755066: I tensorflow/stream_executor/platform/default/dso_loader.cc:44] Successfully opened dynamic library libcusparse.so.10.0
2019-12-21 15:23:22.761675: I tensorflow/stream_executor/platform/default/dso_loader.cc:44] Successfully opened dynamic library libcudnn.so.7
2019-12-21 15:23:22.763838: I tensorflow/core/common_runtime/gpu/gpu_device.cc:1746] Adding visible gpu devices: 0
2019-12-21 15:23:22.764202: I tensorflow/core/platform/cpu_feature_guard.cc:142] Your CPU supports instructions that this TensorFlow binary was not compiled to use: AVX2 AVX512F FMA
2019-12-21 15:23:22.785495: I tensorflow/core/platform/profile_utils/cpu_utils.cc:94] CPU Frequency: 2100000000 Hz
2019-12-21 15:23:22.788900: I tensorflow/compiler/xla/service/service.cc:168] XLA service 0x555f0b218990 executing computations on platform Host. Devices:
2019-12-21 15:23:22.788943: I tensorflow/compiler/xla/service/service.cc:175]   StreamExecutor device (0): Host, Default Version
2019-12-21 15:23:22.978676: I tensorflow/compiler/xla/service/service.cc:168] XLA service 0x555f0afc1fc0 executing computations on platform CUDA. Devices:
2019-12-21 15:23:22.978737: I tensorflow/compiler/xla/service/service.cc:175]   StreamExecutor device (0): GeForce RTX 2080 Ti, Compute Capability 7.5
2019-12-21 15:23:22.980100: I tensorflow/core/common_runtime/gpu/gpu_device.cc:1618] Found device 0 with properties: 
name: GeForce RTX 2080 Ti major: 7 minor: 5 memoryClockRate(GHz): 1.545
pciBusID: 0000:b1:00.0
2019-12-21 15:23:22.980194: I tensorflow/stream_executor/platform/default/dso_loader.cc:44] Successfully opened dynamic library libcudart.so.10.0
2019-12-21 15:23:22.980219: I tensorflow/stream_executor/platform/default/dso_loader.cc:44] Successfully opened dynamic library libcublas.so.10.0
2019-12-21 15:23:22.980241: I tensorflow/stream_executor/platform/default/dso_loader.cc:44] Successfully opened dynamic library libcufft.so.10.0
2019-12-21 15:23:22.980263: I tensorflow/stream_executor/platform/default/dso_loader.cc:44] Successfully opened dynamic library libcurand.so.10.0
2019-12-21 15:23:22.980285: I tensorflow/stream_executor/platform/default/dso_loader.cc:44] Successfully opened dynamic library libcusolver.so.10.0
2019-12-21 15:23:22.980307: I tensorflow/stream_executor/platform/default/dso_loader.cc:44] Successfully opened dynamic library libcusparse.so.10.0
2019-12-21 15:23:22.980330: I tensorflow/stream_executor/platform/default/dso_loader.cc:44] Successfully opened dynamic library libcudnn.so.7
2019-12-21 15:23:22.982493: I tensorflow/core/common_runtime/gpu/gpu_device.cc:1746] Adding visible gpu devices: 0
2019-12-21 15:23:22.982559: I tensorflow/stream_executor/platform/default/dso_loader.cc:44] Successfully opened dynamic library libcudart.so.10.0
2019-12-21 15:23:22.984726: I tensorflow/core/common_runtime/gpu/gpu_device.cc:1159] Device interconnect StreamExecutor with strength 1 edge matrix:
2019-12-21 15:23:22.984747: I tensorflow/core/common_runtime/gpu/gpu_device.cc:1165]      0 
2019-12-21 15:23:22.984776: I tensorflow/core/common_runtime/gpu/gpu_device.cc:1178] 0:   N 
2019-12-21 15:23:22.987053: I tensorflow/core/common_runtime/gpu/gpu_device.cc:1304] Created TensorFlow device (/job:localhost/replica:0/task:0/device:GPU:0 with 10312 MB memory) -> physical GPU (device: 0, name: GeForce RTX 2080 Ti, pci bus id: 0000:b1:00.0, compute capability: 7.5)
2019-12-21 15:24:20.118879: I tensorflow/stream_executor/platform/default/dso_loader.cc:44] Successfully opened dynamic library libcublas.so.10.0
2019-12-21 15:24:20.559081: I tensorflow/stream_executor/platform/default/dso_loader.cc:44] Successfully opened dynamic library libcudnn.so.7
SVM >> {'accuracy': 1.0, 'f1': 1.0}
**********
InceptionTime: 0.9861111111111112
ResNet: 0.9930555555555556
ResNet: N/A
ResNet: N/A
HIVE-COTE: N/A
DTW: N/A
**********
Data:  Earthquakes
SVM >> {'accuracy': 0.7482014388489209, 'f1': 0.6404357995085412}
**********
InceptionTime: 0.7410071942446043
ResNet: 0.6906474820143885
ResNet: 0.7050359712230215
ResNet: N/A
HIVE-COTE: 0.748201439
DTW: N/A
**********
Data:  ArrowHead
SVM >> {'accuracy': 0.8285714285714286, 'f1': 0.8275763659093773}
**********
InceptionTime: 0.8457142857142858
ResNet: 0.8628571428571429
ResNet: 0.84
ResNet: N/A
HIVE-COTE: 0.8628571429999999
DTW: N/A
**********
Data:  BeetleFly
SVM >> {'accuracy': 0.8, 'f1': 0.7916666666666666}
**********
InceptionTime: 0.8
ResNet: 0.85
ResNet: 0.85
ResNet: N/A
HIVE-COTE: 0.95
DTW: N/A
**********
Data:  ChlorineConcentration
SVM >> {'accuracy': 0.575, 'f1': 0.5335971394691491}
**********
InceptionTime: 0.8765625
ResNet: 0.8458333333333333
ResNet: 0.8346354166666666
ResNet: N/A
HIVE-COTE: 0.7119791670000001
DTW: N/A
**********
Data:  Chinatown
SVM >> {'accuracy': 0.9825072886297376, 'f1': 0.9826186836793711}
**********
InceptionTime: 0.9854227405247812
ResNet: 0.9766763848396501
ResNet: N/A
ResNet: N/A
HIVE-COTE: N/A
DTW: N/A
**********
Data:  DiatomSizeReduction
SVM >> {'accuracy': 0.8758169934640523, 'f1': 0.8288937503988324}
**********
InceptionTime: 0.934640522875817
ResNet: 0.3006535947712418
ResNet: 0.3006535947712418
ResNet: N/A
HIVE-COTE: 0.9411764709999999
DTW: N/A
**********
Data:  ECG200
SVM >> {'accuracy': 0.87, 'f1': 0.8686624626617988}
**********
InceptionTime: 0.93
ResNet: 0.89
ResNet: 0.87
ResNet: N/A
HIVE-COTE: 0.85
DTW: N/A
**********
Data:  ECG5000
SVM >> {'accuracy': 0.9386666666666666, 'f1': 0.9269402154169682}
**********
InceptionTime: 0.9408888888888888
ResNet: 0.9335555555555556
ResNet: 0.9353333333333332
ResNet: N/A
HIVE-COTE: 0.9462222220000001
DTW: N/A
**********
Data:  ECGFiveDays
SVM >> {'accuracy': 0.8222996515679443, 'f1': 0.8217356875560373}
**********
InceptionTime: 1.0
ResNet: 0.9930313588850174
ResNet: 0.9895470383275259
ResNet: N/A
HIVE-COTE: 1.0
DTW: N/A
**********
Data:  FreezerSmallTrain
SVM >> {'accuracy': 0.720701754385965, 'f1': 0.7191180956984432}
**********
InceptionTime: 0.8673684210526316
ResNet: 0.7126315789473684
ResNet: N/A
ResNet: N/A
HIVE-COTE: N/A
DTW: N/A
**********
Data:  Fungi
SVM >> {'accuracy': 0.7634408602150538, 'f1': 0.7588400502737527}
**********
InceptionTime: 1.0
ResNet: 0.2849462365591398
ResNet: N/A
ResNet: N/A
HIVE-COTE: N/A
DTW: N/A
**********
Data:  GunPoint
SVM >> {'accuracy': 0.9066666666666666, 'f1': 0.9066334578663346}
**********
InceptionTime: 1.0
ResNet: 0.9933333333333332
ResNet: N/A
ResNet: N/A
HIVE-COTE: 1.0
DTW: N/A
**********
Data:  GunPointAgeSpan
SVM >> {'accuracy': 0.939873417721519, 'f1': 0.939701187197881}
**********
InceptionTime: 0.9873417721518988
ResNet: 0.9968354430379748
ResNet: N/A
ResNet: N/A
HIVE-COTE: N/A
DTW: N/A
**********
Data:  GunPointMaleVersusFemale
SVM >> {'accuracy': 0.9841772151898734, 'f1': 0.9841681504254713}
**********
InceptionTime: 0.9936708860759492
ResNet: 0.990506329113924
ResNet: N/A
ResNet: N/A
HIVE-COTE: N/A
DTW: N/A
**********
Data:  GunPointOldVersusYoung
SVM >> {'accuracy': 1.0, 'f1': 1.0}
**********
InceptionTime: 0.9650793650793652
ResNet: 0.9873015873015872
ResNet: N/A
ResNet: N/A
HIVE-COTE: N/A
DTW: N/A
**********
Data:  Herring
SVM >> {'accuracy': 0.609375, 'f1': 0.6080818691112808}
**********
InceptionTime: 0.671875
ResNet: 0.640625
ResNet: 0.640625
ResNet: N/A
HIVE-COTE: 0.6875
DTW: N/A
**********
Data:  InsectEPGRegularTrain
SVM >> {'accuracy': 1.0, 'f1': 1.0}
**********
InceptionTime: 1.0
ResNet: 1.0
ResNet: N/A
ResNet: N/A
HIVE-COTE: N/A
DTW: N/A
**********
Data:  InsectEPGSmallTrain
SVM >> {'accuracy': 1.0, 'f1': 1.0}
**********
InceptionTime: 0.9437751004016064
ResNet: 0.4698795180722892
ResNet: N/A
ResNet: N/A
HIVE-COTE: N/A
DTW: N/A
**********
Data:  InsectWingbeatSound
SVM >> {'accuracy': 0.6368686868686869, 'f1': 0.6286773566866892}
**********
InceptionTime: 0.6388888888888888
ResNet: 0.5070707070707071
ResNet: 0.5060606060606061
ResNet: N/A
HIVE-COTE: 0.655050505
DTW: N/A
**********
Data:  Lightning2
SVM >> {'accuracy': 0.819672131147541, 'f1': 0.8184886832797644}
**********
InceptionTime: 0.7704918032786885
ResNet: 0.7213114754098361
ResNet: N/A
ResNet: N/A
HIVE-COTE: 0.8196721309999999
DTW: N/A
**********
Data:  MedicalImages
SVM >> {'accuracy': 0.743421052631579, 'f1': 0.7329464479229023}
**********
InceptionTime: 0.7947368421052632
ResNet: 0.7842105263157895
ResNet: 0.7618421052631579
ResNet: N/A
HIVE-COTE: 0.777631579
DTW: N/A
**********
Data:  MiddlePhalanxTW
SVM >> {'accuracy': 0.6038961038961039, 'f1': 0.561993930764695}
**********
InceptionTime: 0.512987012987013
ResNet: 0.5194805194805194
ResNet: 0.461038961038961
ResNet: N/A
HIVE-COTE: 0.571428571
DTW: N/A
**********
Data:  NonInvasiveFetalECGThorax2
SVM >> {'accuracy': 0.9318066157760814, 'f1': 0.9327981974209453}
**********
InceptionTime: 0.9638676844783716
ResNet: 0.9435114503816794
ResNet: N/A
ResNet: N/A
HIVE-COTE: N/A
DTW: N/A
**********
Data:  OliveOil
SVM >> {'accuracy': 0.9, 'f1': 0.8922222222222221}
**********
InceptionTime: 0.8333333333333334
ResNet: 0.8333333333333334
ResNet: 0.8666666666666667
ResNet: N/A
HIVE-COTE: 0.9
DTW: N/A
**********
Data:  PhalangesOutlinesCorrect
SVM >> {'accuracy': 0.8088578088578089, 'f1': 0.807540481586323}
**********
InceptionTime: 0.8496503496503497
ResNet: 0.8449883449883449
ResNet: 0.8566433566433567
ResNet: N/A
HIVE-COTE: 0.806526807
DTW: N/A
**********
Data:  PickupGestureWiimoteZ
SVM >> {'accuracy': 0.64, 'f1': 0.6312121212121211}
**********
InceptionTime: 0.76
ResNet: 0.72
ResNet: N/A
ResNet: N/A
HIVE-COTE: N/A
DTW: N/A
**********
Data:  PigAirwayPressure
SVM >> {'accuracy': 0.04326923076923077, 'f1': 0.035256410256410256}
**********
InceptionTime: 0.5432692307692307
ResNet: 0.4326923076923077
ResNet: N/A
ResNet: N/A
HIVE-COTE: N/A
DTW: N/A
**********
Data:  PowerCons
SVM >> {'accuracy': 0.9611111111111111, 'f1': 0.9610810810810809}
**********
InceptionTime: 0.9444444444444444
ResNet: 0.8833333333333333
ResNet: N/A
ResNet: N/A
HIVE-COTE: N/A
DTW: N/A
**********
Data:  ProximalPhalanxOutlineAgeGroup
SVM >> {'accuracy': 0.8341463414634146, 'f1': 0.8371867596874043}
**********
InceptionTime: 0.8487804878048779
ResNet: 0.8487804878048779
ResNet: 0.8390243902439024
ResNet: N/A
HIVE-COTE: 0.858536585
DTW: N/A
**********
Data:  SemgHandGenderCh2
SVM >> {'accuracy': 0.7733333333333333, 'f1': 0.7785513321411078}
**********
InceptionTime: 0.8166666666666667
ResNet: 0.8183333333333334
ResNet: N/A
ResNet: N/A
HIVE-COTE: N/A
DTW: N/A
**********
Data:  SemgHandMovementCh2
